0 silly input [ 'build' ]
1 silly flags { _: [ 'run' ],
1 silly flags   sort: true,
1 silly flags   concurrency: 4,
1 silly flags   script: 'build',
1 silly flags   args: [] }
2 verbose rootPath /Users/jason/src/react-widgets
3 info version 2.0.0-rc.4
4 silly isInitialized
5 silly isInitialized true
6 silly existsSync /Users/jason/src/react-widgets/VERSION
7 silly initialize attempt
8 silly initialize success
9 silly execute attempt
10 silly runScriptInDir build [] react-widgets
11 silly getExecOpts { cwd: '/Users/jason/src/react-widgets/packages/react-widgets' }
12 silly runScriptInDir build [] virtualized
13 silly getExecOpts { cwd: '/Users/jason/src/react-widgets/packages/virtualized' }
14 error build Errored while running script in 'react-widgets-virtualized'
15 error execute Error: Command failed: npm run build
15 error execute sh: babel: command not found
15 error execute
15 error execute npm ERR! Darwin 16.4.0
15 error execute npm ERR! argv "/Users/jason/.nvm/versions/node/v7.10.0/bin/node" "/Users/jason/.nvm/versions/node/v7.10.0/bin/npm" "run" "build"
15 error execute npm ERR! node v7.10.0
15 error execute npm ERR! npm  v4.2.0
15 error execute npm ERR! file sh
15 error execute npm ERR! code ELIFECYCLE
15 error execute npm ERR! errno ENOENT
15 error execute npm ERR! syscall spawn
15 error execute npm ERR! react-widgets-virtualized@4.0.0-rc.3 build: `babel src --out-dir lib`
15 error execute npm ERR! spawn ENOENT
15 error execute npm ERR!
15 error execute npm ERR! Failed at the react-widgets-virtualized@4.0.0-rc.3 build script 'babel src --out-dir lib'.
15 error execute npm ERR! Make sure you have the latest version of node.js and npm installed.
15 error execute npm ERR! If you do, this is most likely a problem with the react-widgets-virtualized package,
15 error execute npm ERR! not with npm itself.
15 error execute npm ERR! Tell the author that this fails on your system:
15 error execute npm ERR!     babel src --out-dir lib
15 error execute npm ERR! You can get information on how to open an issue for this project with:
15 error execute npm ERR!     npm bugs react-widgets-virtualized
15 error execute npm ERR! Or if that isn't available, you can get their info via:
15 error execute npm ERR!     npm owner ls react-widgets-virtualized
15 error execute npm ERR! There is likely additional logging output above.
15 error execute npm WARN Local package.json exists, but node_modules missing, did you mean to install?
15 error execute
15 error execute npm ERR! Please include the following file with any support request:
15 error execute npm ERR!     /Users/jason/.npm/_logs/2017-05-16T13_54_26_312Z-debug.log
15 error execute
15 error execute > react-widgets-virtualized@4.0.0-rc.3 build /Users/jason/src/react-widgets/packages/virtualized
15 error execute > babel src --out-dir lib
15 error execute
15 error execute
15 error execute     at Promise.all.then.arr (/Users/jason/.config/yarn/global/node_modules/execa/index.js:210:11)
15 error execute     at process._tickCallback (internal/process/next_tick.js:109:7)
15 error execute  callback with error
15 error execute  { Error: Command failed: npm run build
15 error execute sh: babel: command not found
15 error execute
15 error execute npm ERR! Darwin 16.4.0
15 error execute npm ERR! argv "/Users/jason/.nvm/versions/node/v7.10.0/bin/node" "/Users/jason/.nvm/versions/node/v7.10.0/bin/npm" "run" "build"
15 error execute npm ERR! node v7.10.0
15 error execute npm ERR! npm  v4.2.0
15 error execute npm ERR! file sh
15 error execute npm ERR! code ELIFECYCLE
15 error execute npm ERR! errno ENOENT
15 error execute npm ERR! syscall spawn
15 error execute npm ERR! react-widgets-virtualized@4.0.0-rc.3 build: `babel src --out-dir lib`
15 error execute npm ERR! spawn ENOENT
15 error execute npm ERR!
15 error execute npm ERR! Failed at the react-widgets-virtualized@4.0.0-rc.3 build script 'babel src --out-dir lib'.
15 error execute npm ERR! Make sure you have the latest version of node.js and npm installed.
15 error execute npm ERR! If you do, this is most likely a problem with the react-widgets-virtualized package,
15 error execute npm ERR! not with npm itself.
15 error execute npm ERR! Tell the author that this fails on your system:
15 error execute npm ERR!     babel src --out-dir lib
15 error execute npm ERR! You can get information on how to open an issue for this project with:
15 error execute npm ERR!     npm bugs react-widgets-virtualized
15 error execute npm ERR! Or if that isn't available, you can get their info via:
15 error execute npm ERR!     npm owner ls react-widgets-virtualized
15 error execute npm ERR! There is likely additional logging output above.
15 error execute npm WARN Local package.json exists, but node_modules missing, did you mean to install?
15 error execute
15 error execute npm ERR! Please include the following file with any support request:
15 error execute npm ERR!     /Users/jason/.npm/_logs/2017-05-16T13_54_26_312Z-debug.log
15 error execute
15 error execute > react-widgets-virtualized@4.0.0-rc.3 build /Users/jason/src/react-widgets/packages/virtualized
15 error execute > babel src --out-dir lib
15 error execute
15 error execute
15 error execute     at Promise.all.then.arr (/Users/jason/.config/yarn/global/node_modules/execa/index.js:210:11)
15 error execute     at process._tickCallback (internal/process/next_tick.js:109:7)
15 error execute   code: 1,
15 error execute   killed: false,
15 error execute   stdout: '\n> react-widgets-virtualized@4.0.0-rc.3 build /Users/jason/src/react-widgets/packages/virtualized\n> babel src --out-dir lib\n\n',
15 error execute   stderr: 'sh: babel: command not found\n\nnpm ERR! Darwin 16.4.0\nnpm ERR! argv "/Users/jason/.nvm/versions/node/v7.10.0/bin/node" "/Users/jason/.nvm/versions/node/v7.10.0/bin/npm" "run" "build"\nnpm ERR! node v7.10.0\nnpm ERR! npm  v4.2.0\nnpm ERR! file sh\nnpm ERR! code ELIFECYCLE\nnpm ERR! errno ENOENT\nnpm ERR! syscall spawn\nnpm ERR! react-widgets-virtualized@4.0.0-rc.3 build: `babel src --out-dir lib`\nnpm ERR! spawn ENOENT\nnpm ERR! \nnpm ERR! Failed at the react-widgets-virtualized@4.0.0-rc.3 build script \'babel src --out-dir lib\'.\nnpm ERR! Make sure you have the latest version of node.js and npm installed.\nnpm ERR! If you do, this is most likely a problem with the react-widgets-virtualized package,\nnpm ERR! not with npm itself.\nnpm ERR! Tell the author that this fails on your system:\nnpm ERR!     babel src --out-dir lib\nnpm ERR! You can get information on how to open an issue for this project with:\nnpm ERR!     npm bugs react-widgets-virtualized\nnpm ERR! Or if that isn\'t available, you can get their info via:\nnpm ERR!     npm owner ls react-widgets-virtualized\nnpm ERR! There is likely additional logging output above.\nnpm WARN Local package.json exists, but node_modules missing, did you mean to install?\n\nnpm ERR! Please include the following file with any support request:\nnpm ERR!     /Users/jason/.npm/_logs/2017-05-16T13_54_26_312Z-debug.log\n',
15 error execute   failed: true,
15 error execute   signal: null,
15 error execute   cmd: 'npm run build',
15 error execute   timedOut: false }
